{"C:\\Movie_Rental\\Movie_Mongoose\\app.js": {"path":"C:\\Movie_Rental\\Movie_Mongoose\\app.js","statementMap":{"0":{"start":{"line":1,"column":16},"end":{"line":1,"column":34}},"1":{"start":{"line":2,"column":12},"end":{"line":2,"column":21}},"2":{"start":{"line":3,"column":0},"end":{"line":3,"column":31}},"3":{"start":{"line":4,"column":0},"end":{"line":4,"column":26}},"4":{"start":{"line":5,"column":0},"end":{"line":5,"column":33}},"5":{"start":{"line":6,"column":0},"end":{"line":6,"column":28}},"6":{"start":{"line":7,"column":0},"end":{"line":7,"column":30}},"7":{"start":{"line":8,"column":0},"end":{"line":10,"column":1}},"8":{"start":{"line":9,"column":2},"end":{"line":9,"column":33}},"9":{"start":{"line":11,"column":0},"end":{"line":11,"column":21}}},"fnMap":{},"branchMap":{"0":{"loc":{"start":{"line":8,"column":0},"end":{"line":10,"column":1}},"type":"if","locations":[{"start":{"line":8,"column":0},"end":{"line":10,"column":1}},{"start":{},"end":{}}],"line":8}},"s":{"0":4,"1":4,"2":4,"3":4,"4":4,"5":4,"6":4,"7":4,"8":0,"9":4},"f":{},"b":{"0":[0,4]},"_coverageSchema":"1a1c01bbd47fc00a2c39e90264f33305004495a9","hash":"40ac2c844875e514b36a40c9794f383e7446e169"}
,"C:\\Movie_Rental\\Movie_Mongoose\\middleware\\admin.js": {"path":"C:\\Movie_Rental\\Movie_Mongoose\\middleware\\admin.js","statementMap":{"0":{"start":{"line":1,"column":0},"end":{"line":4,"column":2}},"1":{"start":{"line":2,"column":2},"end":{"line":2,"column":70}},"2":{"start":{"line":2,"column":25},"end":{"line":2,"column":70}},"3":{"start":{"line":3,"column":2},"end":{"line":3,"column":9}}},"fnMap":{"0":{"name":"(anonymous_0)","decl":{"start":{"line":1,"column":17},"end":{"line":1,"column":18}},"loc":{"start":{"line":1,"column":43},"end":{"line":4,"column":1}},"line":1}},"branchMap":{"0":{"loc":{"start":{"line":2,"column":2},"end":{"line":2,"column":70}},"type":"if","locations":[{"start":{"line":2,"column":2},"end":{"line":2,"column":70}},{"start":{},"end":{}}],"line":2}},"s":{"0":4,"1":3,"2":1,"3":2},"f":{"0":3},"b":{"0":[1,2]},"_coverageSchema":"1a1c01bbd47fc00a2c39e90264f33305004495a9","hash":"14ae682b648b161570166d965b9b5ddc1106d490"}
,"C:\\Movie_Rental\\Movie_Mongoose\\middleware\\auth.js": {"path":"C:\\Movie_Rental\\Movie_Mongoose\\middleware\\auth.js","statementMap":{"0":{"start":{"line":1,"column":15},"end":{"line":1,"column":32}},"1":{"start":{"line":2,"column":12},"end":{"line":2,"column":35}},"2":{"start":{"line":4,"column":0},"end":{"line":14,"column":2}},"3":{"start":{"line":5,"column":16},"end":{"line":5,"column":42}},"4":{"start":{"line":6,"column":2},"end":{"line":6,"column":59}},"5":{"start":{"line":6,"column":14},"end":{"line":6,"column":59}},"6":{"start":{"line":7,"column":2},"end":{"line":13,"column":3}},"7":{"start":{"line":8,"column":20},"end":{"line":8,"column":66}},"8":{"start":{"line":9,"column":4},"end":{"line":9,"column":23}},"9":{"start":{"line":10,"column":4},"end":{"line":10,"column":11}},"10":{"start":{"line":12,"column":4},"end":{"line":12,"column":49}}},"fnMap":{"0":{"name":"(anonymous_0)","decl":{"start":{"line":4,"column":17},"end":{"line":4,"column":18}},"loc":{"start":{"line":4,"column":43},"end":{"line":14,"column":1}},"line":4}},"branchMap":{"0":{"loc":{"start":{"line":6,"column":2},"end":{"line":6,"column":59}},"type":"if","locations":[{"start":{"line":6,"column":2},"end":{"line":6,"column":59}},{"start":{},"end":{}}],"line":6}},"s":{"0":4,"1":4,"2":4,"3":22,"4":22,"5":5,"6":17,"7":17,"8":13,"9":13,"10":4},"f":{"0":22},"b":{"0":[5,17]},"_coverageSchema":"1a1c01bbd47fc00a2c39e90264f33305004495a9","hash":"26a8510b23e6fa63e5567dd4209015b0aadefc16"}
,"C:\\Movie_Rental\\Movie_Mongoose\\middleware\\error.js": {"path":"C:\\Movie_Rental\\Movie_Mongoose\\middleware\\error.js","statementMap":{"0":{"start":{"line":1,"column":16},"end":{"line":1,"column":34}},"1":{"start":{"line":3,"column":0},"end":{"line":6,"column":2}},"2":{"start":{"line":4,"column":2},"end":{"line":4,"column":31}},"3":{"start":{"line":5,"column":2},"end":{"line":5,"column":60}}},"fnMap":{"0":{"name":"(anonymous_0)","decl":{"start":{"line":3,"column":17},"end":{"line":3,"column":18}},"loc":{"start":{"line":3,"column":50},"end":{"line":6,"column":1}},"line":3}},"branchMap":{},"s":{"0":4,"1":4,"2":8,"3":8},"f":{"0":8},"b":{},"_coverageSchema":"1a1c01bbd47fc00a2c39e90264f33305004495a9","hash":"3a35dd61382dc3b5d4eb4bd0b70ad5665343da66"}
,"C:\\Movie_Rental\\Movie_Mongoose\\middleware\\object.js": {"path":"C:\\Movie_Rental\\Movie_Mongoose\\middleware\\object.js","statementMap":{"0":{"start":{"line":1,"column":17},"end":{"line":1,"column":36}},"1":{"start":{"line":2,"column":0},"end":{"line":10,"column":2}},"2":{"start":{"line":3,"column":2},"end":{"line":9,"column":3}},"3":{"start":{"line":4,"column":4},"end":{"line":5,"column":55}},"4":{"start":{"line":5,"column":6},"end":{"line":5,"column":55}},"5":{"start":{"line":6,"column":4},"end":{"line":6,"column":11}},"6":{"start":{"line":8,"column":4},"end":{"line":8,"column":49}}},"fnMap":{"0":{"name":"(anonymous_0)","decl":{"start":{"line":2,"column":17},"end":{"line":2,"column":18}},"loc":{"start":{"line":2,"column":43},"end":{"line":10,"column":1}},"line":2}},"branchMap":{"0":{"loc":{"start":{"line":4,"column":4},"end":{"line":5,"column":55}},"type":"if","locations":[{"start":{"line":4,"column":4},"end":{"line":5,"column":55}},{"start":{},"end":{}}],"line":4}},"s":{"0":4,"1":4,"2":30,"3":30,"4":12,"5":18,"6":0},"f":{"0":30},"b":{"0":[12,18]},"_coverageSchema":"1a1c01bbd47fc00a2c39e90264f33305004495a9","hash":"61f3409796512f7f57f66c4189dbe65a223806fd"}
,"C:\\Movie_Rental\\Movie_Mongoose\\routes\\customersRouter.js": {"path":"C:\\Movie_Rental\\Movie_Mongoose\\routes\\customersRouter.js","statementMap":{"0":{"start":{"line":1,"column":16},"end":{"line":1,"column":34}},"1":{"start":{"line":2,"column":39},"end":{"line":2,"column":73}},"2":{"start":{"line":3,"column":15},"end":{"line":3,"column":35}},"3":{"start":{"line":4,"column":13},"end":{"line":4,"column":42}},"4":{"start":{"line":5,"column":14},"end":{"line":5,"column":44}},"5":{"start":{"line":6,"column":22},"end":{"line":6,"column":53}},"6":{"start":{"line":8,"column":0},"end":{"line":12,"column":3}},"7":{"start":{"line":9,"column":19},"end":{"line":9,"column":42}},"8":{"start":{"line":10,"column":2},"end":{"line":10,"column":75}},"9":{"start":{"line":10,"column":28},"end":{"line":10,"column":75}},"10":{"start":{"line":11,"column":2},"end":{"line":11,"column":21}},"11":{"start":{"line":14,"column":0},"end":{"line":19,"column":3}},"12":{"start":{"line":15,"column":13},"end":{"line":15,"column":26}},"13":{"start":{"line":16,"column":19},"end":{"line":16,"column":46}},"14":{"start":{"line":17,"column":2},"end":{"line":17,"column":65}},"15":{"start":{"line":17,"column":17},"end":{"line":17,"column":65}},"16":{"start":{"line":18,"column":2},"end":{"line":18,"column":21}},"17":{"start":{"line":21,"column":0},"end":{"line":32,"column":3}},"18":{"start":{"line":22,"column":20},"end":{"line":22,"column":46}},"19":{"start":{"line":23,"column":2},"end":{"line":23,"column":44}},"20":{"start":{"line":23,"column":13},"end":{"line":23,"column":44}},"21":{"start":{"line":24,"column":19},"end":{"line":28,"column":4}},"22":{"start":{"line":29,"column":2},"end":{"line":29,"column":24}},"23":{"start":{"line":30,"column":2},"end":{"line":30,"column":24}},"24":{"start":{"line":31,"column":2},"end":{"line":31,"column":21}},"25":{"start":{"line":34,"column":0},"end":{"line":53,"column":3}},"26":{"start":{"line":35,"column":20},"end":{"line":35,"column":46}},"27":{"start":{"line":36,"column":2},"end":{"line":36,"column":44}},"28":{"start":{"line":36,"column":13},"end":{"line":36,"column":44}},"29":{"start":{"line":37,"column":19},"end":{"line":46,"column":3}},"30":{"start":{"line":47,"column":2},"end":{"line":52,"column":3}},"31":{"start":{"line":48,"column":4},"end":{"line":48,"column":35}},"32":{"start":{"line":51,"column":4},"end":{"line":51,"column":50}},"33":{"start":{"line":55,"column":0},"end":{"line":59,"column":3}},"34":{"start":{"line":56,"column":19},"end":{"line":56,"column":66}},"35":{"start":{"line":57,"column":2},"end":{"line":57,"column":61}},"36":{"start":{"line":57,"column":17},"end":{"line":57,"column":61}},"37":{"start":{"line":58,"column":2},"end":{"line":58,"column":21}},"38":{"start":{"line":61,"column":0},"end":{"line":61,"column":24}}},"fnMap":{"0":{"name":"(anonymous_0)","decl":{"start":{"line":8,"column":16},"end":{"line":8,"column":17}},"loc":{"start":{"line":8,"column":36},"end":{"line":12,"column":1}},"line":8},"1":{"name":"(anonymous_1)","decl":{"start":{"line":14,"column":34},"end":{"line":14,"column":35}},"loc":{"start":{"line":14,"column":54},"end":{"line":19,"column":1}},"line":14},"2":{"name":"(anonymous_2)","decl":{"start":{"line":21,"column":23},"end":{"line":21,"column":24}},"loc":{"start":{"line":21,"column":43},"end":{"line":32,"column":1}},"line":21},"3":{"name":"(anonymous_3)","decl":{"start":{"line":34,"column":40},"end":{"line":34,"column":41}},"loc":{"start":{"line":34,"column":60},"end":{"line":53,"column":1}},"line":34},"4":{"name":"(anonymous_4)","decl":{"start":{"line":55,"column":50},"end":{"line":55,"column":51}},"loc":{"start":{"line":55,"column":70},"end":{"line":59,"column":1}},"line":55}},"branchMap":{"0":{"loc":{"start":{"line":10,"column":2},"end":{"line":10,"column":75}},"type":"if","locations":[{"start":{"line":10,"column":2},"end":{"line":10,"column":75}},{"start":{},"end":{}}],"line":10},"1":{"loc":{"start":{"line":17,"column":2},"end":{"line":17,"column":65}},"type":"if","locations":[{"start":{"line":17,"column":2},"end":{"line":17,"column":65}},{"start":{},"end":{}}],"line":17},"2":{"loc":{"start":{"line":23,"column":2},"end":{"line":23,"column":44}},"type":"if","locations":[{"start":{"line":23,"column":2},"end":{"line":23,"column":44}},{"start":{},"end":{}}],"line":23},"3":{"loc":{"start":{"line":36,"column":2},"end":{"line":36,"column":44}},"type":"if","locations":[{"start":{"line":36,"column":2},"end":{"line":36,"column":44}},{"start":{},"end":{}}],"line":36},"4":{"loc":{"start":{"line":47,"column":2},"end":{"line":52,"column":3}},"type":"if","locations":[{"start":{"line":47,"column":2},"end":{"line":52,"column":3}},{"start":{"line":49,"column":9},"end":{"line":52,"column":3}}],"line":47},"5":{"loc":{"start":{"line":57,"column":2},"end":{"line":57,"column":61}},"type":"if","locations":[{"start":{"line":57,"column":2},"end":{"line":57,"column":61}},{"start":{},"end":{}}],"line":57}},"s":{"0":4,"1":4,"2":4,"3":4,"4":4,"5":4,"6":4,"7":1,"8":1,"9":0,"10":1,"11":4,"12":3,"13":3,"14":3,"15":1,"16":3,"17":4,"18":4,"19":4,"20":2,"21":2,"22":2,"23":2,"24":2,"25":4,"26":3,"27":3,"28":2,"29":1,"30":1,"31":1,"32":0,"33":4,"34":2,"35":2,"36":0,"37":2,"38":4},"f":{"0":1,"1":3,"2":4,"3":3,"4":2},"b":{"0":[0,1],"1":[1,2],"2":[2,2],"3":[2,1],"4":[1,0],"5":[0,2]},"_coverageSchema":"1a1c01bbd47fc00a2c39e90264f33305004495a9","hash":"a0915942a90b68f2587635ad1f36a67b255b7979"}
,"C:\\Movie_Rental\\Movie_Mongoose\\routes\\genreRouter.js": {"path":"C:\\Movie_Rental\\Movie_Mongoose\\routes\\genreRouter.js","statementMap":{"0":{"start":{"line":1,"column":16},"end":{"line":1,"column":34}},"1":{"start":{"line":2,"column":15},"end":{"line":2,"column":35}},"2":{"start":{"line":3,"column":33},"end":{"line":3,"column":64}},"3":{"start":{"line":4,"column":13},"end":{"line":4,"column":42}},"4":{"start":{"line":5,"column":14},"end":{"line":5,"column":44}},"5":{"start":{"line":6,"column":22},"end":{"line":6,"column":53}},"6":{"start":{"line":8,"column":0},"end":{"line":15,"column":3}},"7":{"start":{"line":9,"column":16},"end":{"line":9,"column":36}},"8":{"start":{"line":10,"column":2},"end":{"line":12,"column":3}},"9":{"start":{"line":11,"column":4},"end":{"line":11,"column":52}},"10":{"start":{"line":13,"column":2},"end":{"line":13,"column":30}},"11":{"start":{"line":14,"column":2},"end":{"line":14,"column":18}},"12":{"start":{"line":17,"column":0},"end":{"line":22,"column":3}},"13":{"start":{"line":18,"column":13},"end":{"line":18,"column":26}},"14":{"start":{"line":19,"column":16},"end":{"line":19,"column":49}},"15":{"start":{"line":20,"column":2},"end":{"line":20,"column":64}},"16":{"start":{"line":20,"column":14},"end":{"line":20,"column":64}},"17":{"start":{"line":21,"column":2},"end":{"line":21,"column":18}},"18":{"start":{"line":24,"column":0},"end":{"line":31,"column":3}},"19":{"start":{"line":25,"column":20},"end":{"line":25,"column":43}},"20":{"start":{"line":26,"column":2},"end":{"line":26,"column":44}},"21":{"start":{"line":26,"column":13},"end":{"line":26,"column":44}},"22":{"start":{"line":27,"column":16},"end":{"line":27,"column":50}},"23":{"start":{"line":28,"column":2},"end":{"line":28,"column":21}},"24":{"start":{"line":29,"column":2},"end":{"line":29,"column":21}},"25":{"start":{"line":30,"column":2},"end":{"line":30,"column":18}},"26":{"start":{"line":33,"column":0},"end":{"line":46,"column":3}},"27":{"start":{"line":34,"column":20},"end":{"line":34,"column":43}},"28":{"start":{"line":35,"column":2},"end":{"line":35,"column":44}},"29":{"start":{"line":35,"column":13},"end":{"line":35,"column":44}},"30":{"start":{"line":36,"column":16},"end":{"line":39,"column":3}},"31":{"start":{"line":40,"column":2},"end":{"line":45,"column":3}},"32":{"start":{"line":41,"column":4},"end":{"line":41,"column":32}},"33":{"start":{"line":44,"column":4},"end":{"line":44,"column":50}},"34":{"start":{"line":48,"column":0},"end":{"line":54,"column":3}},"35":{"start":{"line":49,"column":16},"end":{"line":49,"column":60}},"36":{"start":{"line":50,"column":2},"end":{"line":52,"column":3}},"37":{"start":{"line":51,"column":4},"end":{"line":51,"column":54}},"38":{"start":{"line":53,"column":2},"end":{"line":53,"column":18}},"39":{"start":{"line":56,"column":0},"end":{"line":56,"column":24}}},"fnMap":{"0":{"name":"(anonymous_0)","decl":{"start":{"line":8,"column":16},"end":{"line":8,"column":17}},"loc":{"start":{"line":8,"column":36},"end":{"line":15,"column":1}},"line":8},"1":{"name":"(anonymous_1)","decl":{"start":{"line":17,"column":34},"end":{"line":17,"column":35}},"loc":{"start":{"line":17,"column":54},"end":{"line":22,"column":1}},"line":17},"2":{"name":"(anonymous_2)","decl":{"start":{"line":24,"column":23},"end":{"line":24,"column":24}},"loc":{"start":{"line":24,"column":43},"end":{"line":31,"column":1}},"line":24},"3":{"name":"(anonymous_3)","decl":{"start":{"line":33,"column":40},"end":{"line":33,"column":41}},"loc":{"start":{"line":33,"column":60},"end":{"line":46,"column":1}},"line":33},"4":{"name":"(anonymous_4)","decl":{"start":{"line":48,"column":50},"end":{"line":48,"column":51}},"loc":{"start":{"line":48,"column":70},"end":{"line":54,"column":1}},"line":48}},"branchMap":{"0":{"loc":{"start":{"line":10,"column":2},"end":{"line":12,"column":3}},"type":"if","locations":[{"start":{"line":10,"column":2},"end":{"line":12,"column":3}},{"start":{},"end":{}}],"line":10},"1":{"loc":{"start":{"line":10,"column":6},"end":{"line":10,"column":33}},"type":"binary-expr","locations":[{"start":{"line":10,"column":6},"end":{"line":10,"column":11}},{"start":{"line":10,"column":15},"end":{"line":10,"column":33}}],"line":10},"2":{"loc":{"start":{"line":20,"column":2},"end":{"line":20,"column":64}},"type":"if","locations":[{"start":{"line":20,"column":2},"end":{"line":20,"column":64}},{"start":{},"end":{}}],"line":20},"3":{"loc":{"start":{"line":26,"column":2},"end":{"line":26,"column":44}},"type":"if","locations":[{"start":{"line":26,"column":2},"end":{"line":26,"column":44}},{"start":{},"end":{}}],"line":26},"4":{"loc":{"start":{"line":35,"column":2},"end":{"line":35,"column":44}},"type":"if","locations":[{"start":{"line":35,"column":2},"end":{"line":35,"column":44}},{"start":{},"end":{}}],"line":35},"5":{"loc":{"start":{"line":40,"column":2},"end":{"line":45,"column":3}},"type":"if","locations":[{"start":{"line":40,"column":2},"end":{"line":45,"column":3}},{"start":{"line":42,"column":9},"end":{"line":45,"column":3}}],"line":40},"6":{"loc":{"start":{"line":50,"column":2},"end":{"line":52,"column":3}},"type":"if","locations":[{"start":{"line":50,"column":2},"end":{"line":52,"column":3}},{"start":{},"end":{}}],"line":50}},"s":{"0":4,"1":4,"2":4,"3":4,"4":4,"5":4,"6":4,"7":3,"8":3,"9":1,"10":2,"11":2,"12":4,"13":0,"14":0,"15":0,"16":0,"17":0,"18":4,"19":0,"20":0,"21":0,"22":0,"23":0,"24":0,"25":0,"26":4,"27":0,"28":0,"29":0,"30":0,"31":0,"32":0,"33":0,"34":4,"35":0,"36":0,"37":0,"38":0,"39":4},"f":{"0":3,"1":0,"2":0,"3":0,"4":0},"b":{"0":[1,2],"1":[3,3],"2":[0,0],"3":[0,0],"4":[0,0],"5":[0,0],"6":[0,0]},"_coverageSchema":"1a1c01bbd47fc00a2c39e90264f33305004495a9","hash":"a41f84e5437a2b08bb8aa91ea5505fc8805b0396"}
,"C:\\Movie_Rental\\Movie_Mongoose\\routes\\loginRouter.js": {"path":"C:\\Movie_Rental\\Movie_Mongoose\\routes\\loginRouter.js","statementMap":{"0":{"start":{"line":1,"column":16},"end":{"line":1,"column":34}},"1":{"start":{"line":2,"column":15},"end":{"line":2,"column":32}},"2":{"start":{"line":3,"column":12},"end":{"line":3,"column":26}},"3":{"start":{"line":4,"column":15},"end":{"line":4,"column":31}},"4":{"start":{"line":5,"column":15},"end":{"line":5,"column":32}},"5":{"start":{"line":6,"column":17},"end":{"line":6,"column":47}},"6":{"start":{"line":7,"column":12},"end":{"line":7,"column":35}},"7":{"start":{"line":9,"column":0},"end":{"line":18,"column":3}},"8":{"start":{"line":10,"column":20},"end":{"line":10,"column":42}},"9":{"start":{"line":11,"column":2},"end":{"line":11,"column":67}},"10":{"start":{"line":11,"column":13},"end":{"line":11,"column":67}},"11":{"start":{"line":12,"column":13},"end":{"line":12,"column":58}},"12":{"start":{"line":13,"column":2},"end":{"line":13,"column":73}},"13":{"start":{"line":13,"column":13},"end":{"line":13,"column":73}},"14":{"start":{"line":14,"column":16},"end":{"line":14,"column":70}},"15":{"start":{"line":15,"column":2},"end":{"line":15,"column":74}},"16":{"start":{"line":15,"column":14},"end":{"line":15,"column":74}},"17":{"start":{"line":16,"column":16},"end":{"line":16,"column":35}},"18":{"start":{"line":17,"column":2},"end":{"line":17,"column":18}},"19":{"start":{"line":21,"column":17},"end":{"line":24,"column":4}},"20":{"start":{"line":25,"column":2},"end":{"line":25,"column":31}},"21":{"start":{"line":27,"column":0},"end":{"line":27,"column":24}}},"fnMap":{"0":{"name":"(anonymous_0)","decl":{"start":{"line":9,"column":17},"end":{"line":9,"column":18}},"loc":{"start":{"line":9,"column":37},"end":{"line":18,"column":1}},"line":9},"1":{"name":"validateUser","decl":{"start":{"line":20,"column":9},"end":{"line":20,"column":21}},"loc":{"start":{"line":20,"column":28},"end":{"line":26,"column":1}},"line":20}},"branchMap":{"0":{"loc":{"start":{"line":11,"column":2},"end":{"line":11,"column":67}},"type":"if","locations":[{"start":{"line":11,"column":2},"end":{"line":11,"column":67}},{"start":{},"end":{}}],"line":11},"1":{"loc":{"start":{"line":13,"column":2},"end":{"line":13,"column":73}},"type":"if","locations":[{"start":{"line":13,"column":2},"end":{"line":13,"column":73}},{"start":{},"end":{}}],"line":13},"2":{"loc":{"start":{"line":15,"column":2},"end":{"line":15,"column":74}},"type":"if","locations":[{"start":{"line":15,"column":2},"end":{"line":15,"column":74}},{"start":{},"end":{}}],"line":15}},"s":{"0":4,"1":4,"2":4,"3":4,"4":4,"5":4,"6":4,"7":4,"8":0,"9":0,"10":0,"11":0,"12":0,"13":0,"14":0,"15":0,"16":0,"17":0,"18":0,"19":0,"20":0,"21":4},"f":{"0":0,"1":0},"b":{"0":[0,0],"1":[0,0],"2":[0,0]},"_coverageSchema":"1a1c01bbd47fc00a2c39e90264f33305004495a9","hash":"c9ec630e8ec03793a452c39dddb2235be515de9f"}
,"C:\\Movie_Rental\\Movie_Mongoose\\routes\\movieRouter.js": {"path":"C:\\Movie_Rental\\Movie_Mongoose\\routes\\movieRouter.js","statementMap":{"0":{"start":{"line":1,"column":16},"end":{"line":1,"column":34}},"1":{"start":{"line":2,"column":18},"end":{"line":2,"column":49}},"2":{"start":{"line":3,"column":15},"end":{"line":3,"column":31}},"3":{"start":{"line":4,"column":33},"end":{"line":4,"column":64}},"4":{"start":{"line":5,"column":13},"end":{"line":5,"column":42}},"5":{"start":{"line":6,"column":14},"end":{"line":6,"column":44}},"6":{"start":{"line":7,"column":22},"end":{"line":7,"column":53}},"7":{"start":{"line":8,"column":0},"end":{"line":12,"column":3}},"8":{"start":{"line":9,"column":17},"end":{"line":9,"column":35}},"9":{"start":{"line":10,"column":2},"end":{"line":10,"column":71}},"10":{"start":{"line":10,"column":26},"end":{"line":10,"column":71}},"11":{"start":{"line":11,"column":2},"end":{"line":11,"column":19}},"12":{"start":{"line":14,"column":0},"end":{"line":19,"column":3}},"13":{"start":{"line":15,"column":13},"end":{"line":15,"column":26}},"14":{"start":{"line":16,"column":16},"end":{"line":16,"column":40}},"15":{"start":{"line":17,"column":2},"end":{"line":17,"column":64}},"16":{"start":{"line":17,"column":14},"end":{"line":17,"column":64}},"17":{"start":{"line":18,"column":2},"end":{"line":18,"column":18}},"18":{"start":{"line":21,"column":0},"end":{"line":38,"column":3}},"19":{"start":{"line":22,"column":20},"end":{"line":22,"column":43}},"20":{"start":{"line":23,"column":2},"end":{"line":23,"column":67}},"21":{"start":{"line":23,"column":13},"end":{"line":23,"column":67}},"22":{"start":{"line":24,"column":16},"end":{"line":24,"column":54}},"23":{"start":{"line":25,"column":2},"end":{"line":25,"column":73}},"24":{"start":{"line":25,"column":14},"end":{"line":25,"column":73}},"25":{"start":{"line":26,"column":16},"end":{"line":35,"column":4}},"26":{"start":{"line":36,"column":2},"end":{"line":36,"column":21}},"27":{"start":{"line":37,"column":2},"end":{"line":37,"column":18}},"28":{"start":{"line":40,"column":0},"end":{"line":66,"column":3}},"29":{"start":{"line":41,"column":20},"end":{"line":41,"column":43}},"30":{"start":{"line":42,"column":2},"end":{"line":42,"column":67}},"31":{"start":{"line":42,"column":13},"end":{"line":42,"column":67}},"32":{"start":{"line":43,"column":16},"end":{"line":43,"column":54}},"33":{"start":{"line":44,"column":2},"end":{"line":44,"column":73}},"34":{"start":{"line":44,"column":14},"end":{"line":44,"column":73}},"35":{"start":{"line":45,"column":16},"end":{"line":60,"column":3}},"36":{"start":{"line":61,"column":2},"end":{"line":65,"column":3}},"37":{"start":{"line":62,"column":4},"end":{"line":62,"column":32}},"38":{"start":{"line":64,"column":4},"end":{"line":64,"column":38}},"39":{"start":{"line":68,"column":0},"end":{"line":74,"column":3}},"40":{"start":{"line":69,"column":16},"end":{"line":69,"column":69}},"41":{"start":{"line":70,"column":2},"end":{"line":72,"column":3}},"42":{"start":{"line":71,"column":4},"end":{"line":71,"column":64}},"43":{"start":{"line":73,"column":2},"end":{"line":73,"column":18}},"44":{"start":{"line":76,"column":0},"end":{"line":76,"column":24}}},"fnMap":{"0":{"name":"(anonymous_0)","decl":{"start":{"line":8,"column":16},"end":{"line":8,"column":17}},"loc":{"start":{"line":8,"column":36},"end":{"line":12,"column":1}},"line":8},"1":{"name":"(anonymous_1)","decl":{"start":{"line":14,"column":34},"end":{"line":14,"column":35}},"loc":{"start":{"line":14,"column":54},"end":{"line":19,"column":1}},"line":14},"2":{"name":"(anonymous_2)","decl":{"start":{"line":21,"column":23},"end":{"line":21,"column":24}},"loc":{"start":{"line":21,"column":43},"end":{"line":38,"column":1}},"line":21},"3":{"name":"(anonymous_3)","decl":{"start":{"line":40,"column":40},"end":{"line":40,"column":41}},"loc":{"start":{"line":40,"column":60},"end":{"line":66,"column":1}},"line":40},"4":{"name":"(anonymous_4)","decl":{"start":{"line":68,"column":50},"end":{"line":68,"column":51}},"loc":{"start":{"line":68,"column":70},"end":{"line":74,"column":1}},"line":68}},"branchMap":{"0":{"loc":{"start":{"line":10,"column":2},"end":{"line":10,"column":71}},"type":"if","locations":[{"start":{"line":10,"column":2},"end":{"line":10,"column":71}},{"start":{},"end":{}}],"line":10},"1":{"loc":{"start":{"line":17,"column":2},"end":{"line":17,"column":64}},"type":"if","locations":[{"start":{"line":17,"column":2},"end":{"line":17,"column":64}},{"start":{},"end":{}}],"line":17},"2":{"loc":{"start":{"line":23,"column":2},"end":{"line":23,"column":67}},"type":"if","locations":[{"start":{"line":23,"column":2},"end":{"line":23,"column":67}},{"start":{},"end":{}}],"line":23},"3":{"loc":{"start":{"line":25,"column":2},"end":{"line":25,"column":73}},"type":"if","locations":[{"start":{"line":25,"column":2},"end":{"line":25,"column":73}},{"start":{},"end":{}}],"line":25},"4":{"loc":{"start":{"line":42,"column":2},"end":{"line":42,"column":67}},"type":"if","locations":[{"start":{"line":42,"column":2},"end":{"line":42,"column":67}},{"start":{},"end":{}}],"line":42},"5":{"loc":{"start":{"line":44,"column":2},"end":{"line":44,"column":73}},"type":"if","locations":[{"start":{"line":44,"column":2},"end":{"line":44,"column":73}},{"start":{},"end":{}}],"line":44},"6":{"loc":{"start":{"line":61,"column":2},"end":{"line":65,"column":3}},"type":"if","locations":[{"start":{"line":61,"column":2},"end":{"line":65,"column":3}},{"start":{"line":63,"column":9},"end":{"line":65,"column":3}}],"line":61},"7":{"loc":{"start":{"line":70,"column":2},"end":{"line":72,"column":3}},"type":"if","locations":[{"start":{"line":70,"column":2},"end":{"line":72,"column":3}},{"start":{},"end":{}}],"line":70}},"s":{"0":4,"1":4,"2":4,"3":4,"4":4,"5":4,"6":4,"7":4,"8":4,"9":4,"10":0,"11":4,"12":4,"13":1,"14":1,"15":1,"16":1,"17":0,"18":4,"19":0,"20":0,"21":0,"22":0,"23":0,"24":0,"25":0,"26":0,"27":0,"28":4,"29":0,"30":0,"31":0,"32":0,"33":0,"34":0,"35":0,"36":0,"37":0,"38":0,"39":4,"40":0,"41":0,"42":0,"43":0,"44":4},"f":{"0":4,"1":1,"2":0,"3":0,"4":0},"b":{"0":[0,4],"1":[1,0],"2":[0,0],"3":[0,0],"4":[0,0],"5":[0,0],"6":[0,0],"7":[0,0]},"_coverageSchema":"1a1c01bbd47fc00a2c39e90264f33305004495a9","hash":"616942e0e3ae0ab197718d0fc27d5e8175922d54"}
,"C:\\Movie_Rental\\Movie_Mongoose\\routes\\rentalRouter.js": {"path":"C:\\Movie_Rental\\Movie_Mongoose\\routes\\rentalRouter.js","statementMap":{"0":{"start":{"line":1,"column":16},"end":{"line":1,"column":34}},"1":{"start":{"line":2,"column":19},"end":{"line":2,"column":50}},"2":{"start":{"line":3,"column":15},"end":{"line":3,"column":32}},"3":{"start":{"line":4,"column":15},"end":{"line":4,"column":31}},"4":{"start":{"line":5,"column":21},"end":{"line":5,"column":55}},"5":{"start":{"line":6,"column":18},"end":{"line":6,"column":49}},"6":{"start":{"line":7,"column":13},"end":{"line":7,"column":42}},"7":{"start":{"line":8,"column":14},"end":{"line":8,"column":44}},"8":{"start":{"line":9,"column":22},"end":{"line":9,"column":53}},"9":{"start":{"line":14,"column":4},"end":{"line":14,"column":36}},"10":{"start":{"line":16,"column":0},"end":{"line":20,"column":3}},"11":{"start":{"line":17,"column":17},"end":{"line":17,"column":36}},"12":{"start":{"line":18,"column":2},"end":{"line":18,"column":70}},"13":{"start":{"line":18,"column":15},"end":{"line":18,"column":70}},"14":{"start":{"line":19,"column":2},"end":{"line":19,"column":19}},"15":{"start":{"line":22,"column":0},"end":{"line":27,"column":3}},"16":{"start":{"line":23,"column":13},"end":{"line":23,"column":26}},"17":{"start":{"line":24,"column":17},"end":{"line":24,"column":51}},"18":{"start":{"line":25,"column":2},"end":{"line":25,"column":70}},"19":{"start":{"line":25,"column":15},"end":{"line":25,"column":70}},"20":{"start":{"line":26,"column":2},"end":{"line":26,"column":19}},"21":{"start":{"line":29,"column":0},"end":{"line":71,"column":3}},"22":{"start":{"line":30,"column":20},"end":{"line":30,"column":44}},"23":{"start":{"line":31,"column":2},"end":{"line":31,"column":67}},"24":{"start":{"line":31,"column":13},"end":{"line":31,"column":67}},"25":{"start":{"line":32,"column":16},"end":{"line":32,"column":54}},"26":{"start":{"line":33,"column":2},"end":{"line":33,"column":73}},"27":{"start":{"line":33,"column":14},"end":{"line":33,"column":73}},"28":{"start":{"line":34,"column":19},"end":{"line":34,"column":63}},"29":{"start":{"line":35,"column":2},"end":{"line":35,"column":24}},"30":{"start":{"line":37,"column":2},"end":{"line":37,"column":79}},"31":{"start":{"line":37,"column":17},"end":{"line":37,"column":79}},"32":{"start":{"line":38,"column":2},"end":{"line":39,"column":54}},"33":{"start":{"line":39,"column":4},"end":{"line":39,"column":54}},"34":{"start":{"line":40,"column":17},"end":{"line":53,"column":4}},"35":{"start":{"line":54,"column":18},"end":{"line":54,"column":45}},"36":{"start":{"line":55,"column":2},"end":{"line":55,"column":29}},"37":{"start":{"line":56,"column":2},"end":{"line":70,"column":3}},"38":{"start":{"line":57,"column":4},"end":{"line":57,"column":24}},"39":{"start":{"line":58,"column":4},"end":{"line":60,"column":7}},"40":{"start":{"line":62,"column":4},"end":{"line":62,"column":25}},"41":{"start":{"line":63,"column":4},"end":{"line":63,"column":21}},"42":{"start":{"line":65,"column":4},"end":{"line":65,"column":31}},"43":{"start":{"line":66,"column":4},"end":{"line":66,"column":25}},"44":{"start":{"line":67,"column":4},"end":{"line":67,"column":23}},"45":{"start":{"line":68,"column":4},"end":{"line":68,"column":31}},"46":{"start":{"line":69,"column":4},"end":{"line":69,"column":52}},"47":{"start":{"line":73,"column":0},"end":{"line":103,"column":3}},"48":{"start":{"line":74,"column":13},"end":{"line":74,"column":26}},"49":{"start":{"line":75,"column":18},"end":{"line":75,"column":45}},"50":{"start":{"line":76,"column":2},"end":{"line":76,"column":29}},"51":{"start":{"line":77,"column":2},"end":{"line":102,"column":3}},"52":{"start":{"line":78,"column":19},"end":{"line":86,"column":5}},"53":{"start":{"line":87,"column":4},"end":{"line":89,"column":5}},"54":{"start":{"line":88,"column":6},"end":{"line":88,"column":61}},"55":{"start":{"line":90,"column":16},"end":{"line":90,"column":32}},"56":{"start":{"line":91,"column":4},"end":{"line":93,"column":7}},"57":{"start":{"line":95,"column":4},"end":{"line":95,"column":32}},"58":{"start":{"line":96,"column":4},"end":{"line":96,"column":25}},"59":{"start":{"line":97,"column":4},"end":{"line":97,"column":21}},"60":{"start":{"line":99,"column":4},"end":{"line":99,"column":31}},"61":{"start":{"line":100,"column":4},"end":{"line":100,"column":25}},"62":{"start":{"line":101,"column":4},"end":{"line":101,"column":39}},"63":{"start":{"line":105,"column":0},"end":{"line":124,"column":3}},"64":{"start":{"line":106,"column":13},"end":{"line":106,"column":26}},"65":{"start":{"line":107,"column":18},"end":{"line":107,"column":45}},"66":{"start":{"line":108,"column":2},"end":{"line":108,"column":29}},"67":{"start":{"line":109,"column":2},"end":{"line":123,"column":3}},"68":{"start":{"line":110,"column":19},"end":{"line":110,"column":64}},"69":{"start":{"line":111,"column":16},"end":{"line":111,"column":32}},"70":{"start":{"line":112,"column":4},"end":{"line":114,"column":7}},"71":{"start":{"line":116,"column":4},"end":{"line":116,"column":32}},"72":{"start":{"line":117,"column":4},"end":{"line":117,"column":25}},"73":{"start":{"line":118,"column":4},"end":{"line":118,"column":21}},"74":{"start":{"line":120,"column":4},"end":{"line":120,"column":31}},"75":{"start":{"line":121,"column":4},"end":{"line":121,"column":25}},"76":{"start":{"line":122,"column":4},"end":{"line":122,"column":39}},"77":{"start":{"line":126,"column":0},"end":{"line":126,"column":24}}},"fnMap":{"0":{"name":"(anonymous_0)","decl":{"start":{"line":16,"column":16},"end":{"line":16,"column":17}},"loc":{"start":{"line":16,"column":36},"end":{"line":20,"column":1}},"line":16},"1":{"name":"(anonymous_1)","decl":{"start":{"line":22,"column":34},"end":{"line":22,"column":35}},"loc":{"start":{"line":22,"column":54},"end":{"line":27,"column":1}},"line":22},"2":{"name":"(anonymous_2)","decl":{"start":{"line":29,"column":23},"end":{"line":29,"column":24}},"loc":{"start":{"line":29,"column":43},"end":{"line":71,"column":1}},"line":29},"3":{"name":"(anonymous_3)","decl":{"start":{"line":73,"column":42},"end":{"line":73,"column":43}},"loc":{"start":{"line":73,"column":62},"end":{"line":103,"column":1}},"line":73},"4":{"name":"(anonymous_4)","decl":{"start":{"line":105,"column":50},"end":{"line":105,"column":51}},"loc":{"start":{"line":105,"column":70},"end":{"line":124,"column":1}},"line":105}},"branchMap":{"0":{"loc":{"start":{"line":18,"column":2},"end":{"line":18,"column":70}},"type":"if","locations":[{"start":{"line":18,"column":2},"end":{"line":18,"column":70}},{"start":{},"end":{}}],"line":18},"1":{"loc":{"start":{"line":25,"column":2},"end":{"line":25,"column":70}},"type":"if","locations":[{"start":{"line":25,"column":2},"end":{"line":25,"column":70}},{"start":{},"end":{}}],"line":25},"2":{"loc":{"start":{"line":31,"column":2},"end":{"line":31,"column":67}},"type":"if","locations":[{"start":{"line":31,"column":2},"end":{"line":31,"column":67}},{"start":{},"end":{}}],"line":31},"3":{"loc":{"start":{"line":33,"column":2},"end":{"line":33,"column":73}},"type":"if","locations":[{"start":{"line":33,"column":2},"end":{"line":33,"column":73}},{"start":{},"end":{}}],"line":33},"4":{"loc":{"start":{"line":37,"column":2},"end":{"line":37,"column":79}},"type":"if","locations":[{"start":{"line":37,"column":2},"end":{"line":37,"column":79}},{"start":{},"end":{}}],"line":37},"5":{"loc":{"start":{"line":38,"column":2},"end":{"line":39,"column":54}},"type":"if","locations":[{"start":{"line":38,"column":2},"end":{"line":39,"column":54}},{"start":{},"end":{}}],"line":38},"6":{"loc":{"start":{"line":87,"column":4},"end":{"line":89,"column":5}},"type":"if","locations":[{"start":{"line":87,"column":4},"end":{"line":89,"column":5}},{"start":{},"end":{}}],"line":87}},"s":{"0":4,"1":4,"2":4,"3":4,"4":4,"5":4,"6":4,"7":4,"8":4,"9":4,"10":4,"11":3,"12":3,"13":0,"14":3,"15":4,"16":2,"17":2,"18":2,"19":1,"20":1,"21":4,"22":3,"23":3,"24":2,"25":1,"26":1,"27":0,"28":1,"29":1,"30":1,"31":0,"32":1,"33":1,"34":0,"35":0,"36":0,"37":0,"38":0,"39":0,"40":0,"41":0,"42":0,"43":0,"44":0,"45":0,"46":0,"47":4,"48":0,"49":0,"50":0,"51":0,"52":0,"53":0,"54":0,"55":0,"56":0,"57":0,"58":0,"59":0,"60":0,"61":0,"62":0,"63":4,"64":0,"65":0,"66":0,"67":0,"68":0,"69":0,"70":0,"71":0,"72":0,"73":0,"74":0,"75":0,"76":0,"77":4},"f":{"0":3,"1":2,"2":3,"3":0,"4":0},"b":{"0":[0,3],"1":[1,1],"2":[2,1],"3":[0,1],"4":[0,1],"5":[1,0],"6":[0,0]},"_coverageSchema":"1a1c01bbd47fc00a2c39e90264f33305004495a9","hash":"af19157e8971305969d92ad845feb25b02048f12"}
,"C:\\Movie_Rental\\Movie_Mongoose\\routes\\userRouter.js": {"path":"C:\\Movie_Rental\\Movie_Mongoose\\routes\\userRouter.js","statementMap":{"0":{"start":{"line":1,"column":16},"end":{"line":1,"column":34}},"1":{"start":{"line":2,"column":15},"end":{"line":2,"column":32}},"2":{"start":{"line":4,"column":15},"end":{"line":4,"column":31}},"3":{"start":{"line":5,"column":31},"end":{"line":5,"column":61}},"4":{"start":{"line":6,"column":10},"end":{"line":6,"column":27}},"5":{"start":{"line":8,"column":13},"end":{"line":8,"column":42}},"6":{"start":{"line":9,"column":14},"end":{"line":9,"column":44}},"7":{"start":{"line":10,"column":22},"end":{"line":10,"column":53}},"8":{"start":{"line":12,"column":0},"end":{"line":15,"column":3}},"9":{"start":{"line":13,"column":15},"end":{"line":13,"column":34}},"10":{"start":{"line":14,"column":2},"end":{"line":14,"column":17}},"11":{"start":{"line":17,"column":0},"end":{"line":22,"column":3}},"12":{"start":{"line":18,"column":13},"end":{"line":18,"column":26}},"13":{"start":{"line":19,"column":15},"end":{"line":19,"column":56}},"14":{"start":{"line":20,"column":2},"end":{"line":20,"column":65}},"15":{"start":{"line":20,"column":13},"end":{"line":20,"column":65}},"16":{"start":{"line":21,"column":2},"end":{"line":21,"column":17}},"17":{"start":{"line":24,"column":0},"end":{"line":40,"column":3}},"18":{"start":{"line":25,"column":20},"end":{"line":25,"column":42}},"19":{"start":{"line":26,"column":2},"end":{"line":26,"column":44}},"20":{"start":{"line":26,"column":13},"end":{"line":26,"column":44}},"21":{"start":{"line":27,"column":13},"end":{"line":27,"column":58}},"22":{"start":{"line":28,"column":2},"end":{"line":28,"column":73}},"23":{"start":{"line":28,"column":13},"end":{"line":28,"column":73}},"24":{"start":{"line":30,"column":2},"end":{"line":35,"column":5}},"25":{"start":{"line":36,"column":15},"end":{"line":36,"column":39}},"26":{"start":{"line":37,"column":2},"end":{"line":37,"column":57}},"27":{"start":{"line":38,"column":2},"end":{"line":38,"column":20}},"28":{"start":{"line":39,"column":2},"end":{"line":39,"column":17}},"29":{"start":{"line":42,"column":0},"end":{"line":64,"column":3}},"30":{"start":{"line":43,"column":20},"end":{"line":43,"column":42}},"31":{"start":{"line":44,"column":2},"end":{"line":44,"column":67}},"32":{"start":{"line":44,"column":13},"end":{"line":44,"column":67}},"33":{"start":{"line":46,"column":15},"end":{"line":57,"column":3}},"34":{"start":{"line":59,"column":2},"end":{"line":63,"column":3}},"35":{"start":{"line":60,"column":4},"end":{"line":60,"column":19}},"36":{"start":{"line":62,"column":4},"end":{"line":62,"column":37}},"37":{"start":{"line":66,"column":0},"end":{"line":72,"column":3}},"38":{"start":{"line":67,"column":15},"end":{"line":67,"column":58}},"39":{"start":{"line":68,"column":2},"end":{"line":70,"column":3}},"40":{"start":{"line":69,"column":4},"end":{"line":69,"column":31}},"41":{"start":{"line":71,"column":2},"end":{"line":71,"column":17}},"42":{"start":{"line":74,"column":0},"end":{"line":74,"column":24}}},"fnMap":{"0":{"name":"(anonymous_0)","decl":{"start":{"line":12,"column":16},"end":{"line":12,"column":17}},"loc":{"start":{"line":12,"column":36},"end":{"line":15,"column":1}},"line":12},"1":{"name":"(anonymous_1)","decl":{"start":{"line":17,"column":34},"end":{"line":17,"column":35}},"loc":{"start":{"line":17,"column":54},"end":{"line":22,"column":1}},"line":17},"2":{"name":"(anonymous_2)","decl":{"start":{"line":24,"column":23},"end":{"line":24,"column":24}},"loc":{"start":{"line":24,"column":43},"end":{"line":40,"column":1}},"line":24},"3":{"name":"(anonymous_3)","decl":{"start":{"line":42,"column":47},"end":{"line":42,"column":48}},"loc":{"start":{"line":42,"column":67},"end":{"line":64,"column":1}},"line":42},"4":{"name":"(anonymous_4)","decl":{"start":{"line":66,"column":50},"end":{"line":66,"column":51}},"loc":{"start":{"line":66,"column":70},"end":{"line":72,"column":1}},"line":66}},"branchMap":{"0":{"loc":{"start":{"line":20,"column":2},"end":{"line":20,"column":65}},"type":"if","locations":[{"start":{"line":20,"column":2},"end":{"line":20,"column":65}},{"start":{},"end":{}}],"line":20},"1":{"loc":{"start":{"line":26,"column":2},"end":{"line":26,"column":44}},"type":"if","locations":[{"start":{"line":26,"column":2},"end":{"line":26,"column":44}},{"start":{},"end":{}}],"line":26},"2":{"loc":{"start":{"line":28,"column":2},"end":{"line":28,"column":73}},"type":"if","locations":[{"start":{"line":28,"column":2},"end":{"line":28,"column":73}},{"start":{},"end":{}}],"line":28},"3":{"loc":{"start":{"line":44,"column":2},"end":{"line":44,"column":67}},"type":"if","locations":[{"start":{"line":44,"column":2},"end":{"line":44,"column":67}},{"start":{},"end":{}}],"line":44},"4":{"loc":{"start":{"line":59,"column":2},"end":{"line":63,"column":3}},"type":"if","locations":[{"start":{"line":59,"column":2},"end":{"line":63,"column":3}},{"start":{"line":61,"column":9},"end":{"line":63,"column":3}}],"line":59},"5":{"loc":{"start":{"line":68,"column":2},"end":{"line":70,"column":3}},"type":"if","locations":[{"start":{"line":68,"column":2},"end":{"line":70,"column":3}},{"start":{},"end":{}}],"line":68}},"s":{"0":4,"1":4,"2":4,"3":4,"4":4,"5":4,"6":4,"7":4,"8":4,"9":0,"10":0,"11":4,"12":0,"13":0,"14":0,"15":0,"16":0,"17":4,"18":0,"19":0,"20":0,"21":0,"22":0,"23":0,"24":0,"25":0,"26":0,"27":0,"28":0,"29":4,"30":0,"31":0,"32":0,"33":0,"34":0,"35":0,"36":0,"37":4,"38":0,"39":0,"40":0,"41":0,"42":4},"f":{"0":0,"1":0,"2":0,"3":0,"4":0},"b":{"0":[0,0],"1":[0,0],"2":[0,0],"3":[0,0],"4":[0,0],"5":[0,0]},"_coverageSchema":"1a1c01bbd47fc00a2c39e90264f33305004495a9","hash":"9867bf02183c55c5bcb6ba11b1d7e8bea60eb418"}
,"C:\\Movie_Rental\\Movie_Mongoose\\schema\\customerModel.js": {"path":"C:\\Movie_Rental\\Movie_Mongoose\\schema\\customerModel.js","statementMap":{"0":{"start":{"line":1,"column":17},"end":{"line":1,"column":36}},"1":{"start":{"line":2,"column":12},"end":{"line":2,"column":26}},"2":{"start":{"line":4,"column":24},"end":{"line":20,"column":2}},"3":{"start":{"line":21,"column":17},"end":{"line":21,"column":60}},"4":{"start":{"line":24,"column":17},"end":{"line":28,"column":4}},"5":{"start":{"line":29,"column":2},"end":{"line":29,"column":35}},"6":{"start":{"line":32,"column":0},"end":{"line":32,"column":35}},"7":{"start":{"line":33,"column":0},"end":{"line":33,"column":51}}},"fnMap":{"0":{"name":"validateCustomer","decl":{"start":{"line":23,"column":9},"end":{"line":23,"column":25}},"loc":{"start":{"line":23,"column":36},"end":{"line":30,"column":1}},"line":23}},"branchMap":{},"s":{"0":4,"1":4,"2":4,"3":4,"4":7,"5":7,"6":4,"7":4},"f":{"0":7},"b":{},"_coverageSchema":"1a1c01bbd47fc00a2c39e90264f33305004495a9","hash":"2ed26be06283acfaf4f960c1e0cd6b2ab9b431a0"}
,"C:\\Movie_Rental\\Movie_Mongoose\\schema\\generModel.js": {"path":"C:\\Movie_Rental\\Movie_Mongoose\\schema\\generModel.js","statementMap":{"0":{"start":{"line":1,"column":17},"end":{"line":1,"column":36}},"1":{"start":{"line":2,"column":12},"end":{"line":2,"column":26}},"2":{"start":{"line":4,"column":20},"end":{"line":13,"column":2}},"3":{"start":{"line":16,"column":17},"end":{"line":18,"column":4}},"4":{"start":{"line":19,"column":2},"end":{"line":19,"column":32}},"5":{"start":{"line":22,"column":14},"end":{"line":22,"column":54}},"6":{"start":{"line":23,"column":0},"end":{"line":23,"column":29}},"7":{"start":{"line":24,"column":0},"end":{"line":24,"column":45}},"8":{"start":{"line":25,"column":0},"end":{"line":25,"column":41}}},"fnMap":{"0":{"name":"validateGenre","decl":{"start":{"line":15,"column":9},"end":{"line":15,"column":22}},"loc":{"start":{"line":15,"column":30},"end":{"line":20,"column":1}},"line":15}},"branchMap":{},"s":{"0":4,"1":4,"2":4,"3":0,"4":0,"5":4,"6":4,"7":4,"8":4},"f":{"0":0},"b":{},"_coverageSchema":"1a1c01bbd47fc00a2c39e90264f33305004495a9","hash":"3425d8f912fe4a9905dacb347ab36774c737160b"}
,"C:\\Movie_Rental\\Movie_Mongoose\\schema\\movieModel.js": {"path":"C:\\Movie_Rental\\Movie_Mongoose\\schema\\movieModel.js","statementMap":{"0":{"start":{"line":2,"column":17},"end":{"line":2,"column":36}},"1":{"start":{"line":3,"column":12},"end":{"line":3,"column":26}},"2":{"start":{"line":4,"column":0},"end":{"line":4,"column":44}},"3":{"start":{"line":5,"column":24},"end":{"line":5,"column":55}},"4":{"start":{"line":7,"column":20},"end":{"line":34,"column":2}},"5":{"start":{"line":35,"column":14},"end":{"line":35,"column":50}},"6":{"start":{"line":38,"column":17},"end":{"line":44,"column":4}},"7":{"start":{"line":45,"column":2},"end":{"line":45,"column":32}},"8":{"start":{"line":47,"column":0},"end":{"line":47,"column":29}},"9":{"start":{"line":48,"column":0},"end":{"line":48,"column":41}},"10":{"start":{"line":49,"column":0},"end":{"line":49,"column":45}}},"fnMap":{"0":{"name":"validatemovie","decl":{"start":{"line":37,"column":9},"end":{"line":37,"column":22}},"loc":{"start":{"line":37,"column":30},"end":{"line":46,"column":1}},"line":37}},"branchMap":{},"s":{"0":4,"1":4,"2":4,"3":4,"4":4,"5":4,"6":0,"7":0,"8":4,"9":4,"10":4},"f":{"0":0},"b":{},"_coverageSchema":"1a1c01bbd47fc00a2c39e90264f33305004495a9","hash":"24f9389058efe750840aa340799e1784a83b0784"}
,"C:\\Movie_Rental\\Movie_Mongoose\\schema\\rentalModel.js": {"path":"C:\\Movie_Rental\\Movie_Mongoose\\schema\\rentalModel.js","statementMap":{"0":{"start":{"line":1,"column":12},"end":{"line":1,"column":26}},"1":{"start":{"line":2,"column":17},"end":{"line":2,"column":36}},"2":{"start":{"line":3,"column":0},"end":{"line":3,"column":44}},"3":{"start":{"line":5,"column":21},"end":{"line":52,"column":2}},"4":{"start":{"line":54,"column":15},"end":{"line":54,"column":53}},"5":{"start":{"line":57,"column":17},"end":{"line":60,"column":4}},"6":{"start":{"line":61,"column":2},"end":{"line":61,"column":33}},"7":{"start":{"line":63,"column":0},"end":{"line":63,"column":31}},"8":{"start":{"line":64,"column":0},"end":{"line":64,"column":43}},"9":{"start":{"line":65,"column":0},"end":{"line":65,"column":47}}},"fnMap":{"0":{"name":"validateRental","decl":{"start":{"line":56,"column":9},"end":{"line":56,"column":23}},"loc":{"start":{"line":56,"column":32},"end":{"line":62,"column":1}},"line":56}},"branchMap":{},"s":{"0":4,"1":4,"2":4,"3":4,"4":4,"5":3,"6":3,"7":4,"8":4,"9":4},"f":{"0":3},"b":{},"_coverageSchema":"1a1c01bbd47fc00a2c39e90264f33305004495a9","hash":"1e44cb6159392f24bce9d62bd0329946ed94c085"}
,"C:\\Movie_Rental\\Movie_Mongoose\\schema\\userModel.js": {"path":"C:\\Movie_Rental\\Movie_Mongoose\\schema\\userModel.js","statementMap":{"0":{"start":{"line":1,"column":17},"end":{"line":1,"column":36}},"1":{"start":{"line":2,"column":12},"end":{"line":2,"column":26}},"2":{"start":{"line":3,"column":15},"end":{"line":3,"column":32}},"3":{"start":{"line":4,"column":12},"end":{"line":4,"column":35}},"4":{"start":{"line":5,"column":15},"end":{"line":5,"column":32}},"5":{"start":{"line":7,"column":19},"end":{"line":31,"column":2}},"6":{"start":{"line":33,"column":0},"end":{"line":39,"column":2}},"7":{"start":{"line":34,"column":2},"end":{"line":38,"column":4}},"8":{"start":{"line":40,"column":13},"end":{"line":40,"column":47}},"9":{"start":{"line":42,"column":17},"end":{"line":47,"column":4}},"10":{"start":{"line":48,"column":2},"end":{"line":48,"column":31}},"11":{"start":{"line":51,"column":0},"end":{"line":51,"column":27}},"12":{"start":{"line":52,"column":0},"end":{"line":52,"column":43}},"13":{"start":{"line":53,"column":0},"end":{"line":53,"column":62}}},"fnMap":{"0":{"name":"(anonymous_0)","decl":{"start":{"line":33,"column":34},"end":{"line":33,"column":35}},"loc":{"start":{"line":33,"column":46},"end":{"line":39,"column":1}},"line":33},"1":{"name":"validateUser","decl":{"start":{"line":41,"column":9},"end":{"line":41,"column":21}},"loc":{"start":{"line":41,"column":28},"end":{"line":49,"column":1}},"line":41}},"branchMap":{},"s":{"0":4,"1":4,"2":4,"3":4,"4":4,"5":4,"6":4,"7":15,"8":4,"9":0,"10":0,"11":4,"12":4,"13":4},"f":{"0":15,"1":0},"b":{},"_coverageSchema":"1a1c01bbd47fc00a2c39e90264f33305004495a9","hash":"6f31ba62bba838da3d7a30671f490d65f6cfb7ce"}
,"C:\\Movie_Rental\\Movie_Mongoose\\startup\\config.js": {"path":"C:\\Movie_Rental\\Movie_Mongoose\\startup\\config.js","statementMap":{"0":{"start":{"line":1,"column":0},"end":{"line":6,"column":2}},"1":{"start":{"line":2,"column":2},"end":{"line":5,"column":3}},"2":{"start":{"line":3,"column":4},"end":{"line":3,"column":59}},"3":{"start":{"line":4,"column":4},"end":{"line":4,"column":20}}},"fnMap":{"0":{"name":"(anonymous_0)","decl":{"start":{"line":1,"column":17},"end":{"line":1,"column":18}},"loc":{"start":{"line":1,"column":29},"end":{"line":6,"column":1}},"line":1}},"branchMap":{"0":{"loc":{"start":{"line":2,"column":2},"end":{"line":5,"column":3}},"type":"if","locations":[{"start":{"line":2,"column":2},"end":{"line":5,"column":3}},{"start":{},"end":{}}],"line":2}},"s":{"0":4,"1":0,"2":0,"3":0},"f":{"0":0},"b":{"0":[0,0]},"_coverageSchema":"1a1c01bbd47fc00a2c39e90264f33305004495a9","hash":"6c5a618795b3ea270ea6e976875cf8e1cbb405c3"}
,"C:\\Movie_Rental\\Movie_Mongoose\\startup\\db.js": {"path":"C:\\Movie_Rental\\Movie_Mongoose\\startup\\db.js","statementMap":{"0":{"start":{"line":1,"column":17},"end":{"line":1,"column":36}},"1":{"start":{"line":2,"column":15},"end":{"line":2,"column":32}},"2":{"start":{"line":3,"column":11},"end":{"line":3,"column":28}},"3":{"start":{"line":5,"column":0},"end":{"line":9,"column":2}},"4":{"start":{"line":6,"column":2},"end":{"line":8,"column":5}},"5":{"start":{"line":7,"column":4},"end":{"line":7,"column":66}}},"fnMap":{"0":{"name":"(anonymous_0)","decl":{"start":{"line":5,"column":17},"end":{"line":5,"column":18}},"loc":{"start":{"line":5,"column":29},"end":{"line":9,"column":1}},"line":5},"1":{"name":"(anonymous_1)","decl":{"start":{"line":6,"column":43},"end":{"line":6,"column":44}},"loc":{"start":{"line":6,"column":49},"end":{"line":8,"column":3}},"line":6}},"branchMap":{},"s":{"0":4,"1":4,"2":4,"3":4,"4":4,"5":4},"f":{"0":4,"1":4},"b":{},"_coverageSchema":"1a1c01bbd47fc00a2c39e90264f33305004495a9","hash":"c80e8c817b4ec962c2a7ed6919b1010246c1cfb7"}
,"C:\\Movie_Rental\\Movie_Mongoose\\startup\\logging.js": {"path":"C:\\Movie_Rental\\Movie_Mongoose\\startup\\logging.js","statementMap":{"0":{"start":{"line":1,"column":0},"end":{"line":1,"column":32}},"1":{"start":{"line":2,"column":16},"end":{"line":2,"column":34}},"2":{"start":{"line":4,"column":0},"end":{"line":21,"column":2}},"3":{"start":{"line":5,"column":2},"end":{"line":10,"column":5}},"4":{"start":{"line":12,"column":2},"end":{"line":15,"column":5}},"5":{"start":{"line":13,"column":4},"end":{"line":13,"column":69}},"6":{"start":{"line":14,"column":4},"end":{"line":14,"column":20}},"7":{"start":{"line":17,"column":2},"end":{"line":20,"column":5}},"8":{"start":{"line":18,"column":4},"end":{"line":18,"column":63}},"9":{"start":{"line":19,"column":4},"end":{"line":19,"column":20}}},"fnMap":{"0":{"name":"(anonymous_0)","decl":{"start":{"line":4,"column":17},"end":{"line":4,"column":18}},"loc":{"start":{"line":4,"column":29},"end":{"line":21,"column":1}},"line":4},"1":{"name":"(anonymous_1)","decl":{"start":{"line":12,"column":34},"end":{"line":12,"column":35}},"loc":{"start":{"line":12,"column":48},"end":{"line":15,"column":3}},"line":12},"2":{"name":"(anonymous_2)","decl":{"start":{"line":17,"column":34},"end":{"line":17,"column":35}},"loc":{"start":{"line":17,"column":48},"end":{"line":20,"column":3}},"line":17}},"branchMap":{},"s":{"0":4,"1":4,"2":4,"3":4,"4":4,"5":0,"6":0,"7":4,"8":0,"9":0},"f":{"0":4,"1":0,"2":0},"b":{},"_coverageSchema":"1a1c01bbd47fc00a2c39e90264f33305004495a9","hash":"1e5a9398014e84f369745724c7df9fa992f3ee78"}
,"C:\\Movie_Rental\\Movie_Mongoose\\startup\\routes.js": {"path":"C:\\Movie_Rental\\Movie_Mongoose\\startup\\routes.js","statementMap":{"0":{"start":{"line":1,"column":20},"end":{"line":1,"column":52}},"1":{"start":{"line":2,"column":23},"end":{"line":2,"column":59}},"2":{"start":{"line":3,"column":20},"end":{"line":3,"column":52}},"3":{"start":{"line":4,"column":21},"end":{"line":4,"column":54}},"4":{"start":{"line":5,"column":19},"end":{"line":5,"column":50}},"5":{"start":{"line":6,"column":20},"end":{"line":6,"column":52}},"6":{"start":{"line":7,"column":14},"end":{"line":7,"column":44}},"7":{"start":{"line":8,"column":16},"end":{"line":8,"column":34}},"8":{"start":{"line":9,"column":12},"end":{"line":9,"column":21}},"9":{"start":{"line":11,"column":0},"end":{"line":20,"column":2}},"10":{"start":{"line":12,"column":2},"end":{"line":12,"column":26}},"11":{"start":{"line":13,"column":2},"end":{"line":13,"column":38}},"12":{"start":{"line":14,"column":2},"end":{"line":14,"column":44}},"13":{"start":{"line":15,"column":2},"end":{"line":15,"column":38}},"14":{"start":{"line":16,"column":2},"end":{"line":16,"column":39}},"15":{"start":{"line":17,"column":2},"end":{"line":17,"column":35}},"16":{"start":{"line":18,"column":2},"end":{"line":18,"column":37}},"17":{"start":{"line":19,"column":2},"end":{"line":19,"column":17}}},"fnMap":{"0":{"name":"(anonymous_0)","decl":{"start":{"line":11,"column":17},"end":{"line":11,"column":18}},"loc":{"start":{"line":11,"column":32},"end":{"line":20,"column":1}},"line":11}},"branchMap":{},"s":{"0":4,"1":4,"2":4,"3":4,"4":4,"5":4,"6":4,"7":4,"8":4,"9":4,"10":4,"11":4,"12":4,"13":4,"14":4,"15":4,"16":4,"17":4},"f":{"0":4},"b":{},"_coverageSchema":"1a1c01bbd47fc00a2c39e90264f33305004495a9","hash":"f62d5ca5b595ba442bd15c79ab202bc8680deabb"}
}
