TN:
SF:app.js
FNF:0
FNH:0
DA:1,4
DA:2,4
DA:3,4
DA:4,4
DA:5,4
DA:6,4
DA:7,4
DA:8,4
DA:9,0
DA:11,4
LF:10
LH:9
BRDA:8,0,0,0
BRDA:8,0,1,4
BRF:2
BRH:1
end_of_record
TN:
SF:middleware\admin.js
FN:1,(anonymous_0)
FNF:1
FNH:1
FNDA:3,(anonymous_0)
DA:1,4
DA:2,3
DA:3,2
LF:3
LH:3
BRDA:2,0,0,1
BRDA:2,0,1,2
BRF:2
BRH:2
end_of_record
TN:
SF:middleware\auth.js
FN:4,(anonymous_0)
FNF:1
FNH:1
FNDA:22,(anonymous_0)
DA:1,4
DA:2,4
DA:4,4
DA:5,22
DA:6,22
DA:7,17
DA:8,17
DA:9,13
DA:10,13
DA:12,4
LF:10
LH:10
BRDA:6,0,0,5
BRDA:6,0,1,17
BRF:2
BRH:2
end_of_record
TN:
SF:middleware\error.js
FN:3,(anonymous_0)
FNF:1
FNH:1
FNDA:8,(anonymous_0)
DA:1,4
DA:3,4
DA:4,8
DA:5,8
LF:4
LH:4
BRF:0
BRH:0
end_of_record
TN:
SF:middleware\object.js
FN:2,(anonymous_0)
FNF:1
FNH:1
FNDA:30,(anonymous_0)
DA:1,4
DA:2,4
DA:3,30
DA:4,30
DA:5,12
DA:6,18
DA:8,0
LF:7
LH:6
BRDA:4,0,0,12
BRDA:4,0,1,18
BRF:2
BRH:2
end_of_record
TN:
SF:routes\customersRouter.js
FN:8,(anonymous_0)
FN:14,(anonymous_1)
FN:21,(anonymous_2)
FN:34,(anonymous_3)
FN:55,(anonymous_4)
FNF:5
FNH:5
FNDA:1,(anonymous_0)
FNDA:3,(anonymous_1)
FNDA:4,(anonymous_2)
FNDA:3,(anonymous_3)
FNDA:2,(anonymous_4)
DA:1,4
DA:2,4
DA:3,4
DA:4,4
DA:5,4
DA:6,4
DA:8,4
DA:9,1
DA:10,1
DA:11,1
DA:14,4
DA:15,3
DA:16,3
DA:17,3
DA:18,3
DA:21,4
DA:22,4
DA:23,4
DA:24,2
DA:29,2
DA:30,2
DA:31,2
DA:34,4
DA:35,3
DA:36,3
DA:37,1
DA:47,1
DA:48,1
DA:51,0
DA:55,4
DA:56,2
DA:57,2
DA:58,2
DA:61,4
LF:34
LH:33
BRDA:10,0,0,0
BRDA:10,0,1,1
BRDA:17,1,0,1
BRDA:17,1,1,2
BRDA:23,2,0,2
BRDA:23,2,1,2
BRDA:36,3,0,2
BRDA:36,3,1,1
BRDA:47,4,0,1
BRDA:47,4,1,0
BRDA:57,5,0,0
BRDA:57,5,1,2
BRF:12
BRH:9
end_of_record
TN:
SF:routes\genreRouter.js
FN:8,(anonymous_0)
FN:17,(anonymous_1)
FN:24,(anonymous_2)
FN:33,(anonymous_3)
FN:48,(anonymous_4)
FNF:5
FNH:1
FNDA:3,(anonymous_0)
FNDA:0,(anonymous_1)
FNDA:0,(anonymous_2)
FNDA:0,(anonymous_3)
FNDA:0,(anonymous_4)
DA:1,4
DA:2,4
DA:3,4
DA:4,4
DA:5,4
DA:6,4
DA:8,4
DA:9,3
DA:10,3
DA:11,1
DA:13,2
DA:14,2
DA:17,4
DA:18,0
DA:19,0
DA:20,0
DA:21,0
DA:24,4
DA:25,0
DA:26,0
DA:27,0
DA:28,0
DA:29,0
DA:30,0
DA:33,4
DA:34,0
DA:35,0
DA:36,0
DA:40,0
DA:41,0
DA:44,0
DA:48,4
DA:49,0
DA:50,0
DA:51,0
DA:53,0
DA:56,4
LF:37
LH:17
BRDA:10,0,0,1
BRDA:10,0,1,2
BRDA:10,1,0,3
BRDA:10,1,1,3
BRDA:20,2,0,0
BRDA:20,2,1,0
BRDA:26,3,0,0
BRDA:26,3,1,0
BRDA:35,4,0,0
BRDA:35,4,1,0
BRDA:40,5,0,0
BRDA:40,5,1,0
BRDA:50,6,0,0
BRDA:50,6,1,0
BRF:14
BRH:4
end_of_record
TN:
SF:routes\loginRouter.js
FN:9,(anonymous_0)
FN:20,validateUser
FNF:2
FNH:0
FNDA:0,(anonymous_0)
FNDA:0,validateUser
DA:1,4
DA:2,4
DA:3,4
DA:4,4
DA:5,4
DA:6,4
DA:7,4
DA:9,4
DA:10,0
DA:11,0
DA:12,0
DA:13,0
DA:14,0
DA:15,0
DA:16,0
DA:17,0
DA:21,0
DA:25,0
DA:27,4
LF:19
LH:9
BRDA:11,0,0,0
BRDA:11,0,1,0
BRDA:13,1,0,0
BRDA:13,1,1,0
BRDA:15,2,0,0
BRDA:15,2,1,0
BRF:6
BRH:0
end_of_record
TN:
SF:routes\movieRouter.js
FN:8,(anonymous_0)
FN:14,(anonymous_1)
FN:21,(anonymous_2)
FN:40,(anonymous_3)
FN:68,(anonymous_4)
FNF:5
FNH:2
FNDA:4,(anonymous_0)
FNDA:1,(anonymous_1)
FNDA:0,(anonymous_2)
FNDA:0,(anonymous_3)
FNDA:0,(anonymous_4)
DA:1,4
DA:2,4
DA:3,4
DA:4,4
DA:5,4
DA:6,4
DA:7,4
DA:8,4
DA:9,4
DA:10,4
DA:11,4
DA:14,4
DA:15,1
DA:16,1
DA:17,1
DA:18,0
DA:21,4
DA:22,0
DA:23,0
DA:24,0
DA:25,0
DA:26,0
DA:36,0
DA:37,0
DA:40,4
DA:41,0
DA:42,0
DA:43,0
DA:44,0
DA:45,0
DA:61,0
DA:62,0
DA:64,0
DA:68,4
DA:69,0
DA:70,0
DA:71,0
DA:73,0
DA:76,4
LF:39
LH:19
BRDA:10,0,0,0
BRDA:10,0,1,4
BRDA:17,1,0,1
BRDA:17,1,1,0
BRDA:23,2,0,0
BRDA:23,2,1,0
BRDA:25,3,0,0
BRDA:25,3,1,0
BRDA:42,4,0,0
BRDA:42,4,1,0
BRDA:44,5,0,0
BRDA:44,5,1,0
BRDA:61,6,0,0
BRDA:61,6,1,0
BRDA:70,7,0,0
BRDA:70,7,1,0
BRF:16
BRH:2
end_of_record
TN:
SF:routes\rentalRouter.js
FN:16,(anonymous_0)
FN:22,(anonymous_1)
FN:29,(anonymous_2)
FN:73,(anonymous_3)
FN:105,(anonymous_4)
FNF:5
FNH:3
FNDA:3,(anonymous_0)
FNDA:2,(anonymous_1)
FNDA:3,(anonymous_2)
FNDA:0,(anonymous_3)
FNDA:0,(anonymous_4)
DA:1,4
DA:2,4
DA:3,4
DA:4,4
DA:5,4
DA:6,4
DA:7,4
DA:8,4
DA:9,4
DA:14,4
DA:16,4
DA:17,3
DA:18,3
DA:19,3
DA:22,4
DA:23,2
DA:24,2
DA:25,2
DA:26,1
DA:29,4
DA:30,3
DA:31,3
DA:32,1
DA:33,1
DA:34,1
DA:35,1
DA:37,1
DA:38,1
DA:39,1
DA:40,0
DA:54,0
DA:55,0
DA:56,0
DA:57,0
DA:58,0
DA:62,0
DA:63,0
DA:65,0
DA:66,0
DA:67,0
DA:68,0
DA:69,0
DA:73,4
DA:74,0
DA:75,0
DA:76,0
DA:77,0
DA:78,0
DA:87,0
DA:88,0
DA:90,0
DA:91,0
DA:95,0
DA:96,0
DA:97,0
DA:99,0
DA:100,0
DA:101,0
DA:105,4
DA:106,0
DA:107,0
DA:108,0
DA:109,0
DA:110,0
DA:111,0
DA:112,0
DA:116,0
DA:117,0
DA:118,0
DA:120,0
DA:121,0
DA:122,0
DA:126,4
LF:73
LH:32
BRDA:18,0,0,0
BRDA:18,0,1,3
BRDA:25,1,0,1
BRDA:25,1,1,1
BRDA:31,2,0,2
BRDA:31,2,1,1
BRDA:33,3,0,0
BRDA:33,3,1,1
BRDA:37,4,0,0
BRDA:37,4,1,1
BRDA:38,5,0,1
BRDA:38,5,1,0
BRDA:87,6,0,0
BRDA:87,6,1,0
BRF:14
BRH:8
end_of_record
TN:
SF:routes\userRouter.js
FN:12,(anonymous_0)
FN:17,(anonymous_1)
FN:24,(anonymous_2)
FN:42,(anonymous_3)
FN:66,(anonymous_4)
FNF:5
FNH:0
FNDA:0,(anonymous_0)
FNDA:0,(anonymous_1)
FNDA:0,(anonymous_2)
FNDA:0,(anonymous_3)
FNDA:0,(anonymous_4)
DA:1,4
DA:2,4
DA:4,4
DA:5,4
DA:6,4
DA:8,4
DA:9,4
DA:10,4
DA:12,4
DA:13,0
DA:14,0
DA:17,4
DA:18,0
DA:19,0
DA:20,0
DA:21,0
DA:24,4
DA:25,0
DA:26,0
DA:27,0
DA:28,0
DA:30,0
DA:36,0
DA:37,0
DA:38,0
DA:39,0
DA:42,4
DA:43,0
DA:44,0
DA:46,0
DA:59,0
DA:60,0
DA:62,0
DA:66,4
DA:67,0
DA:68,0
DA:69,0
DA:71,0
DA:74,4
LF:39
LH:14
BRDA:20,0,0,0
BRDA:20,0,1,0
BRDA:26,1,0,0
BRDA:26,1,1,0
BRDA:28,2,0,0
BRDA:28,2,1,0
BRDA:44,3,0,0
BRDA:44,3,1,0
BRDA:59,4,0,0
BRDA:59,4,1,0
BRDA:68,5,0,0
BRDA:68,5,1,0
BRF:12
BRH:0
end_of_record
TN:
SF:schema\customerModel.js
FN:23,validateCustomer
FNF:1
FNH:1
FNDA:7,validateCustomer
DA:1,4
DA:2,4
DA:4,4
DA:21,4
DA:24,7
DA:29,7
DA:32,4
DA:33,4
LF:8
LH:8
BRF:0
BRH:0
end_of_record
TN:
SF:schema\generModel.js
FN:15,validateGenre
FNF:1
FNH:0
FNDA:0,validateGenre
DA:1,4
DA:2,4
DA:4,4
DA:16,0
DA:19,0
DA:22,4
DA:23,4
DA:24,4
DA:25,4
LF:9
LH:7
BRF:0
BRH:0
end_of_record
TN:
SF:schema\movieModel.js
FN:37,validatemovie
FNF:1
FNH:0
FNDA:0,validatemovie
DA:2,4
DA:3,4
DA:4,4
DA:5,4
DA:7,4
DA:35,4
DA:38,0
DA:45,0
DA:47,4
DA:48,4
DA:49,4
LF:11
LH:9
BRF:0
BRH:0
end_of_record
TN:
SF:schema\rentalModel.js
FN:56,validateRental
FNF:1
FNH:1
FNDA:3,validateRental
DA:1,4
DA:2,4
DA:3,4
DA:5,4
DA:54,4
DA:57,3
DA:61,3
DA:63,4
DA:64,4
DA:65,4
LF:10
LH:10
BRF:0
BRH:0
end_of_record
TN:
SF:schema\userModel.js
FN:33,(anonymous_0)
FN:41,validateUser
FNF:2
FNH:1
FNDA:15,(anonymous_0)
FNDA:0,validateUser
DA:1,4
DA:2,4
DA:3,4
DA:4,4
DA:5,4
DA:7,4
DA:33,4
DA:34,15
DA:40,4
DA:42,0
DA:48,0
DA:51,4
DA:52,4
DA:53,4
LF:14
LH:12
BRF:0
BRH:0
end_of_record
TN:
SF:startup\config.js
FN:1,(anonymous_0)
FNF:1
FNH:0
FNDA:0,(anonymous_0)
DA:1,4
DA:2,0
DA:3,0
DA:4,0
LF:4
LH:1
BRDA:2,0,0,0
BRDA:2,0,1,0
BRF:2
BRH:0
end_of_record
TN:
SF:startup\db.js
FN:5,(anonymous_0)
FN:6,(anonymous_1)
FNF:2
FNH:2
FNDA:4,(anonymous_0)
FNDA:4,(anonymous_1)
DA:1,4
DA:2,4
DA:3,4
DA:5,4
DA:6,4
DA:7,4
LF:6
LH:6
BRF:0
BRH:0
end_of_record
TN:
SF:startup\logging.js
FN:4,(anonymous_0)
FN:12,(anonymous_1)
FN:17,(anonymous_2)
FNF:3
FNH:1
FNDA:4,(anonymous_0)
FNDA:0,(anonymous_1)
FNDA:0,(anonymous_2)
DA:1,4
DA:2,4
DA:4,4
DA:5,4
DA:12,4
DA:13,0
DA:14,0
DA:17,4
DA:18,0
DA:19,0
LF:10
LH:6
BRF:0
BRH:0
end_of_record
TN:
SF:startup\routes.js
FN:11,(anonymous_0)
FNF:1
FNH:1
FNDA:4,(anonymous_0)
DA:1,4
DA:2,4
DA:3,4
DA:4,4
DA:5,4
DA:6,4
DA:7,4
DA:8,4
DA:9,4
DA:11,4
DA:12,4
DA:13,4
DA:14,4
DA:15,4
DA:16,4
DA:17,4
DA:18,4
DA:19,4
LF:18
LH:18
BRF:0
BRH:0
end_of_record
